<?xml version="1.0" encoding="UTF-8"?>
<testsuite xmlns:xsi="http://www.w3.org/2001/XMLSchema-instance" xsi:noNamespaceSchemaLocation="https://maven.apache.org/surefire/maven-surefire-plugin/xsd/surefire-test-report.xsd" name="org.iesalandalus.ed35.SubscripcionTest" time="0.042" tests="4" errors="0" skipped="0" failures="0">
  <properties>
[...]
</properties>
  <testcase name="testprecioPorMes" classname="org.iesalandalus.ed35.SubscripcionTest" time="0.029"/>
  <testcase name="testperiodo0" classname="org.iesalandalus.ed35.SubscripcionTest" time="0"/>
  <testcase name="testprecioPorMes2" classname="org.iesalandalus.ed35.SubscripcionTest" time="0.001"/>
  <testcase name="testprecio0" classname="org.iesalandalus.ed35.SubscripcionTest" time="0"/>
</testsuite>